<?xml version="1.0" encoding="UTF-8"?>
<!-- Generated by org.testng.reporters.JUnitXMLReporter -->
<testsuite ignored="0" hostname="Amals_HP_Envy" failures="0" tests="4" name="ChromeTests" time="7.753" errors="0" timestamp="2026-04-30T11:41:49 EDT">
  <testcase classname="com.amalw.tests.RegistrationTest" name="testRegistration" time="2.662"/>
  <testcase classname="com.amalw.tests.RegistrationTest" name="testRegistration" time="2.663"/>
  <testcase classname="com.amalw.tests.RegistrationTest" name="testRegistration" time="2.681"/>
  <testcase classname="com.amalw.tests.RegistrationTest" name="testRegistration" time="3.16"/>
</testsuite> <!-- ChromeTests -->
