<?xml version="1.0" encoding="UTF-8"?>
<!-- Generated by org.testng.reporters.JUnitXMLReporter -->
<testsuite ignored="0" hostname="Amals_HP_Envy" failures="0" tests="4" name="EdgeTests" time="6.694" errors="0" timestamp="2026-04-30T11:42:08 EDT">
  <testcase classname="com.amalw.tests.RegistrationTest" name="testRegistration" time="2.767"/>
  <testcase classname="com.amalw.tests.RegistrationTest" name="testRegistration" time="2.802"/>
  <testcase classname="com.amalw.tests.RegistrationTest" name="testRegistration" time="2.965"/>
  <testcase classname="com.amalw.tests.RegistrationTest" name="testRegistration" time="3.073"/>
</testsuite> <!-- EdgeTests -->
